#
# There is insufficient memory for the Java Runtime Environment to continue.
# Native memory allocation (mmap) failed to map 67108864 bytes for Failed to commit area from 0x00000000fc000000 to 0x0000000100000000 of length 67108864.
# Possible reasons:
#   The system is out of physical RAM or swap space
#   The process is running with CompressedOops enabled, and the Java Heap may be blocking the growth of the native heap
# Possible solutions:
#   Reduce memory load on the system
#   Increase physical memory or swap space
#   Check if swap backing store is full
#   Decrease Java heap size (-Xmx/-Xms)
#   Decrease number of Java threads
#   Decrease Java thread stack sizes (-Xss)
#   Set larger code cache with -XX:ReservedCodeCacheSize=
# This output file may be truncated or incomplete.
#
#  Out of Memory Error (./src/hotspot/os/windows/os_windows.cpp:3311), pid=15988, tid=7592
#
# JRE version:  (11.0.13+8) (build )
# Java VM: OpenJDK 64-Bit Server VM (11.0.13+8, mixed mode, sharing, tiered, compressed oops, g1 gc, windows-amd64)
# No core dump will be written. Minidumps are not enabled by default on client versions of Windows
#

---------------  S U M M A R Y ------------

Command Line: -Xmx64m -Xms64m -Dorg.gradle.appname=gradlew org.gradle.wrapper.GradleWrapperMain app:installDebug -PreactNativeDevServerPort=8081

Host: Intel(R) Core(TM) i5-10300H CPU @ 2.50GHz, 8 cores, 15G,  Windows 10 , 64 bit Build 19041 (10.0.19041.1566)
Time: Sun Mar 27 23:30:38 2022 Hora est. Pacífico, Sudamérica elapsed time: 0.010172 seconds (0d 0h 0m 0s)

---------------  T H R E A D  ---------------

Current thread (0x00000277ada94800):  JavaThread "Unknown thread" [_thread_in_vm, id=7592, stack(0x000000e8c2900000,0x000000e8c2a00000)]

Stack: [0x000000e8c2900000,0x000000e8c2a00000]
Native frames: (J=compiled Java code, j=interpreted, Vv=VM code, C=native code)
V  [jvm.dll+0x64b92a]
V  [jvm.dll+0x78e4e9]
V  [jvm.dll+0x78fbcc]
V  [jvm.dll+0x790293]
V  [jvm.dll+0x265118]
V  [jvm.dll+0x6489fa]
V  [jvm.dll+0x63cfe5]
V  [jvm.dll+0x32010c]
V  [jvm.dll+0x31ff92]
V  [jvm.dll+0x325896]
V  [jvm.dll+0x3733af]
V  [jvm.dll+0x372dd0]
V  [jvm.dll+0x2fb808]
V  [jvm.dll+0x2fc976]
V  [jvm.dll+0x767b17]
V  [jvm.dll+0x7692df]
V  [jvm.dll+0x380269]
V  [jvm.dll+0x74a04e]
V  [jvm.dll+0x3f2fbd]
V  [jvm.dll+0x3f51e1]
C  [jli.dll+0x51c7]
C  [ucrtbase.dll+0x21bb2]
C  [KERNEL32.DLL+0x17034]
C  [ntdll.dll+0x52651]


---------------  P R O C E S S  ---------------

Threads class SMR info:
_java_thread_list=0x00000277ab7f3fe0, length=0, elements={
}

Java Threads: ( => current thread )

Other Threads:
  0x00000277ab8ce800 GCTaskThread "GC Thread#0" [stack: 0x000000e8c2a00000,0x000000e8c2b00000] [id=14432]
  0x00000277adaad800 ConcurrentGCThread "G1 Main Marker" [stack: 0x000000e8c2b00000,0x000000e8c2c00000] [id=22832]
  0x00000277adab3000 ConcurrentGCThread "G1 Conc#0" [stack: 0x000000e8c2c00000,0x000000e8c2d00000] [id=16868]

[error occurred during error reporting (printing all threads), id 0xc0000005, EXCEPTION_ACCESS_VIOLATION (0xc0000005) at pc=0x00007ff8a68caf37]

VM state:not at safepoint (not fully initialized)

VM Mutex/Monitor currently owned by a thread:  ([mutex/lock_event])
[0x00000277ada90430] Heap_lock - owner thread: 0x00000277ada94800

Heap address: 0x00000000fc000000, size: 64 MB, Compressed Oops mode: Non-zero based: 0x00000000fc000000
Narrow klass base: 0x0000000000000000, Narrow klass shift: 0

GC Heap History (0 events):
No events

Deoptimization events (0 events):
No events

Classes redefined (0 events):
No events

Internal exceptions (0 events):
No events

Events (1 events):
Event: 0.005 Loaded shared library C:\Program Files\OpenJDK\openjdk-11.0.13_8\bin\zip.dll


Dynamic libraries:
0x00007ff675350000 - 0x00007ff67535d000 	C:\Program Files\OpenJDK\openjdk-11.0.13_8\bin\java.exe
0x00007ff917110000 - 0x00007ff917305000 	C:\WINDOWS\SYSTEM32\ntdll.dll
0x00007ff915760000 - 0x00007ff91581e000 	C:\WINDOWS\System32\KERNEL32.DLL
0x00007ff914d90000 - 0x00007ff915058000 	C:\WINDOWS\System32\KERNELBASE.dll
0x00007ff914aa0000 - 0x00007ff914ba0000 	C:\WINDOWS\System32\ucrtbase.dll
0x00007ff8e6f40000 - 0x00007ff8e6f58000 	C:\Program Files\OpenJDK\openjdk-11.0.13_8\bin\jli.dll
0x00007ff90a5d0000 - 0x00007ff90a5e6000 	C:\Program Files\OpenJDK\openjdk-11.0.13_8\bin\VCRUNTIME140.dll
0x00007ff9163f0000 - 0x00007ff916590000 	C:\WINDOWS\System32\USER32.dll
0x00007ff906b80000 - 0x00007ff906e1a000 	C:\WINDOWS\WinSxS\amd64_microsoft.windows.common-controls_6595b64144ccf1df_6.0.19041.1110_none_60b5254171f9507e\COMCTL32.dll
0x00007ff9148d0000 - 0x00007ff9148f2000 	C:\WINDOWS\System32\win32u.dll
0x00007ff9156c0000 - 0x00007ff91575e000 	C:\WINDOWS\System32\msvcrt.dll
0x00007ff915490000 - 0x00007ff9154bb000 	C:\WINDOWS\System32\GDI32.dll
0x00007ff915060000 - 0x00007ff91516b000 	C:\WINDOWS\System32\gdi32full.dll
0x00007ff914830000 - 0x00007ff9148cd000 	C:\WINDOWS\System32\msvcp_win.dll
0x00007ff915550000 - 0x00007ff915580000 	C:\WINDOWS\System32\IMM32.DLL
0x00007ff8c2590000 - 0x00007ff8c263a000 	C:\Program Files\OpenJDK\openjdk-11.0.13_8\bin\msvcp140.dll
0x00007ff8a65c0000 - 0x00007ff8a710c000 	C:\Program Files\OpenJDK\openjdk-11.0.13_8\bin\server\jvm.dll
0x00007ff916660000 - 0x00007ff91670e000 	C:\WINDOWS\System32\ADVAPI32.dll
0x00007ff9153f0000 - 0x00007ff91548c000 	C:\WINDOWS\System32\sechost.dll
0x00007ff915580000 - 0x00007ff9156a5000 	C:\WINDOWS\System32\RPCRT4.dll
0x00007ff916710000 - 0x00007ff916718000 	C:\WINDOWS\System32\PSAPI.DLL
0x00007ff8fdf50000 - 0x00007ff8fdf59000 	C:\WINDOWS\SYSTEM32\WSOCK32.dll
0x00007ff90cad0000 - 0x00007ff90cada000 	C:\WINDOWS\SYSTEM32\VERSION.dll
0x00007ff908360000 - 0x00007ff908387000 	C:\WINDOWS\SYSTEM32\WINMM.dll
0x00007ff916590000 - 0x00007ff9165fb000 	C:\WINDOWS\System32\WS2_32.dll
0x00007ff9130b0000 - 0x00007ff9130c2000 	C:\WINDOWS\SYSTEM32\kernel.appcore.dll
0x00007ff8e1690000 - 0x00007ff8e16a1000 	C:\Program Files\OpenJDK\openjdk-11.0.13_8\bin\verify.dll
0x00007ff912dc0000 - 0x00007ff912fa4000 	C:\WINDOWS\SYSTEM32\DBGHELP.DLL
0x00007ff905270000 - 0x00007ff90529c000 	C:\WINDOWS\SYSTEM32\dbgcore.DLL
0x00007ff914ba0000 - 0x00007ff914c22000 	C:\WINDOWS\System32\bcryptPrimitives.dll
0x00007ff8dcae0000 - 0x00007ff8dcb09000 	C:\Program Files\OpenJDK\openjdk-11.0.13_8\bin\java.dll
0x00007ff907be0000 - 0x00007ff907bea000 	C:\Program Files\OpenJDK\openjdk-11.0.13_8\bin\jimage.dll
0x00007ff8dfb00000 - 0x00007ff8dfb17000 	C:\Program Files\OpenJDK\openjdk-11.0.13_8\bin\zip.dll

dbghelp: loaded successfully - version: 4.0.5 - missing functions: none
symbol engine: initialized successfully - sym options: 0x614 - pdb path: .;C:\Program Files\OpenJDK\openjdk-11.0.13_8\bin;C:\WINDOWS\SYSTEM32;C:\WINDOWS\WinSxS\amd64_microsoft.windows.common-controls_6595b64144ccf1df_6.0.19041.1110_none_60b5254171f9507e;C:\Program Files\OpenJDK\openjdk-11.0.13_8\bin\server

VM Arguments:
jvm_args: -Xmx64m -Xms64m -Dorg.gradle.appname=gradlew 
java_command: org.gradle.wrapper.GradleWrapperMain app:installDebug -PreactNativeDevServerPort=8081
java_class_path (initial): C:\Users\sagar\TheGamerList\android\\gradle\wrapper\gradle-wrapper.jar
Launcher Type: SUN_STANDARD

[Global flags]
     intx CICompilerCount                          = 4                                         {product} {ergonomic}
     uint ConcGCThreads                            = 2                                         {product} {ergonomic}
     uint G1ConcRefinementThreads                  = 8                                         {product} {ergonomic}
   size_t G1HeapRegionSize                         = 1048576                                   {product} {ergonomic}
    uintx GCDrainStackTargetSize                   = 64                                        {product} {ergonomic}
   size_t InitialHeapSize                          = 67108864                                  {product} {command line}
   size_t MarkStackSize                            = 4194304                                   {product} {ergonomic}
   size_t MaxHeapSize                              = 67108864                                  {product} {command line}
   size_t MinHeapDeltaBytes                        = 1048576                                   {product} {ergonomic}
    uintx NonNMethodCodeHeapSize                   = 5836300                                {pd product} {ergonomic}
    uintx NonProfiledCodeHeapSize                  = 122910970                              {pd product} {ergonomic}
    uintx ProfiledCodeHeapSize                     = 122910970                              {pd product} {ergonomic}
    uintx ReservedCodeCacheSize                    = 251658240                              {pd product} {ergonomic}
     bool SegmentedCodeCache                       = true                                      {product} {ergonomic}
     bool UseCompressedClassPointers               = true                                 {lp64_product} {ergonomic}
     bool UseCompressedOops                        = true                                 {lp64_product} {ergonomic}
     bool UseG1GC                                  = true                                      {product} {ergonomic}
     bool UseLargePagesIndividualAllocation        = false                                  {pd product} {ergonomic}

Logging:
Log output configuration:
 #0: stdout all=warning uptime,level,tags
 #1: stderr all=off uptime,level,tags

Environment Variables:
JAVA_HOME=C:\Program Files\OpenJDK\openjdk-11.0.13_8
CLASSPATH=C:\Users\sagar\TheGamerList\android\\gradle\wrapper\gradle-wrapper.jar
PATH=C:\Users\sagar\TheGamerList\android\node_modules\.bin;C:\Users\sagar\TheGamerList\node_modules\.bin;C:\Users\sagar\node_modules\.bin;C:\Users\node_modules\.bin;C:\node_modules\.bin;C:\Program Files\nodejs;C:\Users\sagar\TheGamerList\node_modules\.bin;C:\Users\sagar\node_modules\.bin;C:\Users\node_modules\.bin;C:\node_modules\.bin;C:\Users\sagar\AppData\Roaming\npm\node_modules\npm\node_modules\@npmcli\run-script\lib\node-gyp-bin;C:\Program Files (x86)\Common Files\Oracle\Java\javapath;C:\Program Files (x86)\VMware\VMware Player\bin\;C:\Program Files\Microsoft MPI\Bin\;C:\Windows\system32;C:\Windows;C:\Windows\System32\Wbem;C:\Windows\System32\WindowsPowerShell\v1.0\;C:\Windows\System32\OpenSSH\;C:\Program Files (x86)\NVIDIA Corporation\PhysX\Common;C:\Program Files\NVIDIA Corporation\NVIDIA NvDLISR;D:\Program Files\Client SDK\ODBC\170\Tools\Binn\;C:\Program Files\dotnet\;C:\Program Files (x86)\Microsoft SQL Server\150\Tools\Binn\;D:\Program Files\150\Tools\Binn\;D:\Program Files\150\DTS\Binn\;C:\Program Files (x86)\Microsoft SQL Server\150\DTS\Binn\;C:\Program Files\Git\cmd;C:\Program Files (x86)\dotnet\;C:\WINDOWS\system32;C:\WINDOWS;C:\WINDOWS\System32\Wbem;C:\WINDOWS\System32\WindowsPowerShell\v1.0\;C:\WINDOWS\System32\OpenSSH\;D:\Program Files\130\Tools\Binn\;C:\Program Files (x86)\Microsoft SQL Server\110\DTS\Binn\;C:\Program Files (x86)\Microsoft SQL Server\120\DTS\Binn\;C:\Program Files (x86)\Microsoft SQL Server\130\DTS\Binn\;C:\Program Files (x86)\Microsoft SQL Server\140\DTS\Binn\;C:\Program Files\nodejs\;D:\10. Linux\putty\;C:\ProgramData\chocolatey\bin;C:\Program Files\OpenJDK\openjdk-11.0.13_8\bin;C:\Users\sagar\AppData\Local\Programs\Python\Launcher\;C:\Users\sagar\AppData\Local\Microsoft\WindowsApps;C:\Users\sagar\AppData\Local\Programs\Microsoft VS Code\bin;C:\Program Files\Azure Data Studio\bin;C:\Users\sagar\AppData\Local\hyper\app-3.0.2\resources\bin;C:\Program Files\heroku\bin;C:\Users\sagar\.dotnet\tools;C:\Users\sagar\AppData\Local\Microsoft\
USERNAME=sagar
LANG=es_ES.UTF-8
OS=Windows_NT
PROCESSOR_IDENTIFIER=Intel64 Family 6 Model 165 Stepping 2, GenuineIntel



---------------  S Y S T E M  ---------------

OS: Windows 10 , 64 bit Build 19041 (10.0.19041.1566)
OS uptime: 6 days 6:30 hours

CPU:total 8 (initial active 8) (4 cores per cpu, 2 threads per core) family 6 model 165 stepping 2 microcode 0xea, cmov, cx8, fxsr, mmx, sse, sse2, sse3, ssse3, sse4.1, sse4.2, popcnt, avx, avx2, aes, clmul, erms, 3dnowpref, lzcnt, ht, tsc, tscinvbit, bmi1, bmi2, adx, fma

Memory: 4k page, system-wide physical 16291M (7410M free)
TotalPageFile size 19762M (AvailPageFile size 68M)
current process WorkingSet (physical memory assigned to process): 9M, peak: 9M
current process commit charge ("private bytes"): 59M, peak: 123M

vm_info: OpenJDK 64-Bit Server VM (11.0.13+8) for windows-amd64 JRE (11.0.13+8), built on Oct  8 2021 16:28:06 by "" with MS VC++ 15.5 (VS2017)

END.
